c5b0643e-f735-4fd7-8c86-3df37ea63095 POST /api/create/create 258.983
292f3d4d-ad08-46ba-b6cf-c264b0c41580 POST /api/create/create 232.823
0b4d1cf8-9d73-40e4-b4d0-4222cdf151df POST /api/create/create/wrong 1.073
9a865a9f-7e37-4dbd-af98-982e239ce254 POST /api/create/create 255.318
8421c801-83eb-486d-8c37-cb5625d976be POST /api/create/create/random 2.758
38b178d1-df90-427f-8bf3-a1dcef96165a POST /api/create/create 231.445
b993533f-2bd1-429b-93a0-27a18a13fd0d POST /api/create/create 231.931
cc5266d4-d98b-4d0d-963b-fe332d0c97c5 POST /api/create/create 251.046 {"username":"Test3","event":"Event3"}
cf0c25a9-b83f-4426-aa6d-d7eafe44abd8 POST /api/create/create 255.982 {"username":"Test4","event":"Event4"}
bb98e594-eda0-4e13-9fc3-d645250fe764 POST /api/create/create 247.150 {"username":"Test5","event":"Event5"}
2b27618c-4ea5-4d38-86e1-6cbf86160b39 POST /api/create/create 254.787 {"username":"Test13","event":"Event13"}
4d8ae773-d865-434d-bc62-6a4884b999a0 POST /api/create/create 290.008 {"username":"Test15","event":"Event15"} -
754b4488-bd06-4e36-a193-a1cd16dd18b7 POST /api/create/create 230.048 {"username":"Test16","event":"Event16"} -
344f68ac-a25a-4bac-908b-63175749d0fb POST /api/create/create 273.068 {"username":"Test17","event":"Event17"} -
3e35f564-707d-4694-a275-8e07aa10603e POST /api/create/create 291.924 {"username":"Test18","event":"Event18"} {"username":"Test18","event":"Event18"}
96df932e-88dd-4bd4-8391-67e34b5ce7cc POST /api/create/create 280.204 {"username":"Test18","event":"Event18"} {"username":"Test18","event":"Event18"}
7e3c83f8-0896-4196-924a-43212f36ab48 POST /api/create/create 257.244 {"username":"Test21","event":"Event21"} 
743835cf-2f6d-46a4-80bf-5e1db84b282c POST /api/create/create 242.553 {"username":"Test22","event":"Event22"} 
d143414a-dcb7-479e-ac58-8603712e8172 POST /api/create/create 228.427 {"username":"Test22","event":"Event22"} 
8622ad53-2e90-4643-ac98-0e3ba5ee4182 POST /api/create/create 244.301 {"username":"Test22","event":"Event22"} 
57b08baa-533b-4744-ad86-678d03d3bccb POST /api/create/create 557.938 {"username":"Test22","event":"Event22"} 
1bf3abd8-f1eb-4659-8567-4a3c6ba8147c POST /api/create/create 235.708 {"username":"Test22","event":"Event22","nigga":"marda"} 
436724ac-db45-4a16-84f8-096d6f29640a POST /api/create/create 230.809 {"username":"Test22","event":"Event22","nigga":"marda"} 
fed65612-66c3-4183-ad27-e2acb775e5fc POST /api/create/create 237.223 {"username":"Test22","event":"Event22","nigga":"marda"} 
085e20d7-0c8d-4edb-a2ec-42a02a9e9649 POST /api/create/create 236.387 {"username":"Test22","event":"Event22","nigga":"marda"} 
e8441b41-cfe3-4700-a31b-bc9a7996fda0 POST /api/create/create 233.183 {"username":"Test22","event":"Event22","nigga":"marda"} 
8d8d096f-2e29-4e2a-958b-be2965df3913 POST /api/create/create 227.839 {"username":"Test22","event":"Event22","nigga":"marda"} 
1eefff1f-2731-4310-addb-1b4b74b4c4f8 POST /api/create/create 1.813 {} 
b6024b79-9d30-4eff-b5bb-714575e8b7a4 POST /api/create/create 232.392 {"username":"Test22","event":"Event22"} 
id [e843642c-7bcc-4cd5-b1e1-c9c599b889b1] method[POST] url[/api/create/create] response time[257.523] request[{"username":"Test25","event":"Event25"}] 
id [e81779c9-a4ac-4ec9-a9b1-9f297daaae3d] method[POST] url[/api/create/create] response time[239.763] request[{"username":"Test26","event":"Event26"}] 
id [8d80e171-df65-48e3-8324-7dd1accd4391] method[POST] url[/api/create/create] response time[228.332] request[{"username":"Test27","event":"Event27"}] 
